2025-06-10 17:34:19 | DiscTeleBot | INFO | Configuration validée avec succès
2025-06-10 17:34:19 | DiscTeleBot | INFO | Démarrage du bot...
2025-06-10 17:34:20 | DiscTeleBot | INFO | Synchronisé 4 commande(s) slash
2025-06-10 17:34:22 | DiscTeleBot | INFO | NEXUS#8778 est connecté et prêt!
2025-06-10 17:34:22 | DiscTeleBot | INFO | ID du bot: 1382016116406095963
2025-06-10 17:34:22 | DiscTeleBot | INFO | Connecté à 1 serveur(s)
2025-06-10 17:45:02 | DiscTeleBot | INFO | Configuration validée avec succès
2025-06-10 17:45:02 | DiscTeleBot | INFO | Démarrage du bot...
2025-06-10 17:45:03 | DiscTeleBot | INFO | Synchronisé 12 commande(s) slash
2025-06-10 17:45:05 | DiscTeleBot | INFO | NEXUS#8778 est connecté et prêt!
2025-06-10 17:45:05 | DiscTeleBot | INFO | ID du bot: 1382016116406095963
2025-06-10 17:45:05 | DiscTeleBot | INFO | Connecté à 1 serveur(s)
2025-06-10 17:45:32 | DiscTeleBot | INFO | Configuration validée avec succès
2025-06-10 17:45:32 | DiscTeleBot | INFO | Démarrage du bot...
2025-06-10 17:45:33 | DiscTeleBot | INFO | Synchronisé 12 commande(s) slash
2025-06-10 17:45:35 | DiscTeleBot | INFO | NEXUS#8778 est connecté et prêt!
2025-06-10 17:45:35 | DiscTeleBot | INFO | ID du bot: 1382016116406095963
2025-06-10 17:45:35 | DiscTeleBot | INFO | Connecté à 1 serveur(s)
2025-06-10 17:46:56 | DiscTeleBot | INFO | Configuration validée avec succès
2025-06-10 17:46:56 | DiscTeleBot | INFO | Démarrage du bot...
2025-06-10 17:46:56 | DiscTeleBot | INFO | Synchronisé 12 commande(s) slash
2025-06-10 17:46:59 | DiscTeleBot | INFO | NEXUS#8778 est connecté et prêt!
2025-06-10 17:46:59 | DiscTeleBot | INFO | ID du bot: 1382016116406095963
2025-06-10 17:46:59 | DiscTeleBot | INFO | Connecté à 1 serveur(s)
2025-06-10 17:48:10 | DiscTeleBot | INFO | Configuration validée avec succès
2025-06-10 17:48:10 | DiscTeleBot | INFO | Démarrage du bot...
2025-06-10 17:48:10 | DiscTeleBot | INFO | Synchronisé 12 commande(s) slash
2025-06-10 17:48:13 | DiscTeleBot | INFO | NEXUS#8778 est connecté et prêt!
2025-06-10 17:48:13 | DiscTeleBot | INFO | ID du bot: 1382016116406095963
2025-06-10 17:48:13 | DiscTeleBot | INFO | Connecté à 1 serveur(s)
2025-06-10 18:02:37 | DiscTeleBot | INFO | Configuration validée avec succès
2025-06-10 18:02:37 | DiscTeleBot | INFO | Démarrage du bot...
2025-06-10 18:02:39 | DiscTeleBot | INFO | Synchronisé 12 commande(s) slash
2025-06-10 18:02:41 | DiscTeleBot | INFO | NEXUS#8778 est connecté et prêt!
2025-06-10 18:02:41 | DiscTeleBot | INFO | ID du bot: 1382016116406095963
2025-06-10 18:02:41 | DiscTeleBot | INFO | Connecté à 1 serveur(s)
2025-06-10 18:09:40 | DiscTeleBot | INFO | Configuration validée avec succès
2025-06-10 18:09:40 | DiscTeleBot | INFO | Démarrage du bot...
2025-06-10 18:09:41 | DiscTeleBot | INFO | Synchronisé 12 commande(s) slash
2025-06-10 18:09:43 | DiscTeleBot | INFO | NEXUS#8778 est connecté et prêt!
2025-06-10 18:09:43 | DiscTeleBot | INFO | ID du bot: 1382016116406095963
2025-06-10 18:09:43 | DiscTeleBot | INFO | Connecté à 1 serveur(s)
2025-06-10 18:10:27 | DiscTeleBot | INFO | Configuration validée avec succès
2025-06-10 18:10:27 | DiscTeleBot | INFO | Démarrage du bot...
2025-06-10 18:10:28 | DiscTeleBot | INFO | Synchronisé 13 commande(s) slash
2025-06-10 18:10:31 | DiscTeleBot | INFO | NEXUS#8778 est connecté et prêt!
2025-06-10 18:10:31 | DiscTeleBot | INFO | ID du bot: 1382016116406095963
2025-06-10 18:10:31 | DiscTeleBot | INFO | Connecté à 1 serveur(s)
2025-06-10 18:14:48 | DiscTeleBot | INFO | Configuration validée avec succès
2025-06-10 18:14:48 | DiscTeleBot | INFO | Démarrage du bot...
2025-06-10 18:14:49 | DiscTeleBot | INFO | Synchronisé 13 commande(s) slash
2025-06-10 18:14:51 | DiscTeleBot | INFO | NEXUS#8778 est connecté et prêt!
2025-06-10 18:14:51 | DiscTeleBot | INFO | ID du bot: 1382016116406095963
2025-06-10 18:14:51 | DiscTeleBot | INFO | Connecté à 1 serveur(s)
